./70/articles/248782/submission/copyedit/248782-133-182490-1-9-20201106.pdf
./36/articles/235181/supp/235181-108167-1-SP.pdf
./36/articles/234465/public/234465-103638-1-PB.pdf
./36/articles/234465/supp/234465-103639-1-SP.pdf
./36/articles/234465/public/234465-103637-1-PB.pdf
./36/articles/234466/supp/234466-103644-1-SP.pdf
./36/articles/234466/supp/234466-103645-1-SP.pdf
./36/articles/234466/public/234466-103640-1-PB.pdf
./36/articles/234466/supp/234466-103643-1-SP.pdf
./36/articles/234466/public/234466-103641-1-PB.pdf
./36/articles/234476/public/234476-103693-1-PB.pdf
./36/articles/234476/public/234476-103692-1-PB.pdf
./36/articles/234496/submission/proof/234496-698-103786-1-10-20180111.pdf
./36/articles/234496/submission/proof/234496-698-103785-1-10-20180111.pdf
./36/articles/234496/supp/234496-103785-1-SP.pdf
./36/articles/234496/supp/234496-103786-1-SP.pdf
./36/articles/234505/submission/proof/234505-698-103818-1-10-20180111.pdf
./36/articles/234505/submission/proof/234505-708-103820-1-10-20180111.pdf
./36/articles/234505/submission/proof/234505-698-103819-1-10-20180111.pdf
./36/articles/234505/submission/proof/234505-708-103824-1-10-20180111.pdf
./36/articles/234505/supp/234505-103824-1-SP.pdf
./36/articles/234505/supp/234505-103818-1-SP.pdf
./36/articles/234505/supp/234505-103820-1-SP.pdf
./36/articles/234505/supp/234505-103819-1-SP.pdf
./36/articles/235147/submission/proof/235147-697-108010-1-10-20180321.pdf
./36/articles/235147/submission/proof/235147-697-108011-1-10-20180321.pdf
./36/articles/235147/supp/235147-108012-1-SP.pdf
./36/articles/235147/public/235147-108010-1-PB.pdf
./36/articles/235147/public/235147-108011-1-PB.pdf
./36/articles/234477/supp/234477-103700-1-SP.pdf
./36/articles/234477/supp/234477-103704-1-SP.pdf
./36/articles/234477/supp/234477-103698-1-SP.pdf
./36/articles/234477/supp/234477-103699-1-SP.pdf
./36/articles/234477/public/234477-103695-1-PB.pdf
./36/articles/234477/public/234477-103694-1-PB.pdf
./36/articles/13527/submission/proof/13527-708-34474-1-10-20170321.pdf
./36/articles/13527/submission/proof/13527-708-34475-1-10-20170321.pdf
./36/articles/13527/supp/13527-34474-1-SP.pdf
./36/articles/13527/supp/13527-34475-1-SP.pdf
./36/articles/235180/submission/proof/235180-697-108163-1-10-20180321.pdf
./36/articles/235180/submission/proof/235180-697-108162-1-10-20180321.pdf
./36/articles/235180/public/235180-108162-1-PB.pdf
./36/articles/235180/public/235180-108163-1-PB.pdf
./36/articles/234471/supp/234471-103676-1-SP.pdf
./36/articles/234471/supp/234471-103673-1-SP.pdf
./36/articles/234471/public/234471-103671-1-PB.pdf
./36/articles/234471/supp/234471-103674-1-SP.pdf
./36/articles/234471/public/234471-103672-1-PB.pdf
./36/articles/234471/supp/234471-103675-1-SP.pdf
./36/articles/10211/submission/proof/10211-708-20340-1-10-20170208.pdf
./36/articles/10211/supp/10211-20340-1-SP.pdf
./36/articles/234470/supp/234470-103669-1-SP.pdf
./36/articles/234470/supp/234470-103666-1-SP.pdf
./36/articles/234470/supp/234470-103670-1-SP.pdf
./36/articles/234470/supp/234470-103668-1-SP.pdf
./36/articles/234470/public/234470-103664-1-PB.pdf
./36/articles/234470/supp/234470-103667-1-SP.pdf
./36/articles/234470/public/234470-103665-1-PB.pdf
./36/articles/235185/submission/proof/235185-697-108177-1-10-20180321.pdf
./36/articles/235185/submission/proof/235185-697-108178-1-10-20180321.pdf
./36/articles/235185/public/235185-108178-1-PB.pdf
./36/articles/235185/public/235185-108177-1-PB.pdf
./36/articles/235175/submission/proof/235175-697-108146-1-10-20180321.pdf
./36/articles/235175/submission/proof/235175-697-108147-1-10-20180321.pdf
./36/articles/235175/public/235175-108147-1-PB.pdf
./36/articles/235175/public/235175-108146-1-PB.pdf
./36/articles/235187/submission/proof/235187-697-108187-1-10-20180321.pdf
./36/articles/235187/submission/proof/235187-697-108188-1-10-20180321.pdf
./36/articles/235187/public/235187-108188-1-PB.pdf
./36/articles/235187/public/235187-108187-1-PB.pdf
./36/articles/235158/submission/proof/235158-697-108065-1-10-20180321.pdf
./36/articles/235158/submission/proof/235158-697-108066-1-10-20180321.pdf
./36/articles/235158/public/235158-108066-1-PB.pdf
./36/articles/235158/public/235158-108065-1-PB.pdf
./36/articles/234473/supp/234473-103683-1-SP.pdf
./36/articles/234473/supp/234473-103684-1-SP.pdf
./36/articles/234473/public/234473-103682-1-PB.pdf
./36/articles/234473/public/234473-103681-1-PB.pdf
./36/articles/234484/submission/proof/234484-708-103729-1-10-20180111.pdf
./36/articles/234484/supp/234484-103729-1-SP.pdf
./36/articles/235156/submission/proof/235156-697-108058-1-10-20180321.pdf
./36/articles/235156/submission/proof/235156-697-108059-1-10-20180321.pdf
./36/articles/235156/supp/235156-108060-1-SP.pdf
./36/articles/235156/public/235156-108059-1-PB.pdf
./36/articles/235156/supp/235156-108061-1-SP.pdf
./36/articles/235156/public/235156-108058-1-PB.pdf
./36/articles/235131/submission/proof/235131-697-107933-1-10-20180321.pdf
./36/articles/235131/supp/235131-107936-1-SP.pdf
./36/articles/235131/submission/proof/235131-697-107932-1-10-20180321.pdf
./36/articles/235131/public/235131-107933-1-PB.pdf
./36/articles/235131/supp/235131-107937-1-SP.pdf
./36/articles/235131/supp/235131-107935-1-SP.pdf
./36/articles/235131/public/235131-107932-1-PB.pdf
./36/articles/234489/submission/proof/234489-698-103760-1-10-20180111.pdf
./36/articles/234489/supp/234489-103760-1-SP.pdf
./36/articles/235183/supp/235183-108174-1-SP.pdf
./36/articles/235183/submission/proof/235183-697-108171-1-10-20180321.pdf
./36/articles/235183/submission/proof/235183-697-108170-1-10-20180321.pdf
./36/articles/235183/public/235183-108171-1-PB.pdf
./36/articles/235183/public/235183-108170-1-PB.pdf
./36/articles/235161/submission/proof/235161-697-108081-1-10-20180321.pdf
./36/articles/235161/submission/proof/235161-697-108080-1-10-20180321.pdf
./36/articles/235161/supp/235161-108084-1-SP.pdf
./36/articles/235161/public/235161-108080-1-PB.pdf
./36/articles/235161/public/235161-108081-1-PB.pdf
./36/articles/235151/submission/proof/235151-697-108032-1-10-20180321.pdf
./36/articles/235151/submission/proof/235151-697-108033-1-10-20180321.pdf
./36/articles/235151/supp/235151-108035-1-SP.pdf
./36/articles/235151/supp/235151-108036-1-SP.pdf
./36/articles/235151/public/235151-108033-1-PB.pdf
./36/articles/235151/public/235151-108032-1-PB.pdf
./36/articles/235176/submission/proof/235176-697-108149-1-10-20180321.pdf
./36/articles/235176/submission/proof/235176-697-108148-1-10-20180321.pdf
./36/articles/235176/public/235176-108148-1-PB.pdf
./36/articles/235176/public/235176-108149-1-PB.pdf
./36/articles/234491/submission/proof/234491-708-103768-1-10-20180111.pdf
./36/articles/234491/submission/proof/234491-708-103769-1-10-20180111.pdf
./36/articles/234491/supp/234491-103769-1-SP.pdf
./36/articles/234491/supp/234491-103768-1-SP.pdf
./36/articles/235127/submission/proof/235127-697-107919-1-10-20180321.pdf
./36/articles/235127/submission/proof/235127-697-107918-1-10-20180321.pdf
./36/articles/235127/supp/235127-107922-1-SP.pdf
./36/articles/235127/public/235127-107919-1-PB.pdf
./36/articles/235127/public/235127-107918-1-PB.pdf
./36/articles/234480/submission/proof/234480-708-103715-1-10-20180111.pdf
./36/articles/234480/submission/proof/234480-708-103714-1-10-20180111.pdf
./36/articles/234480/supp/234480-103715-1-SP.pdf
./36/articles/234480/supp/234480-103714-1-SP.pdf
./36/articles/235143/submission/proof/235143-697-107997-1-10-20180321.pdf
./36/articles/235143/submission/proof/235143-697-107998-1-10-20180321.pdf
./36/articles/235143/public/235143-107998-1-PB.pdf
./36/articles/235143/public/235143-107997-1-PB.pdf
./36/articles/235142/submission/proof/235142-697-107986-1-10-20180321.pdf
./36/articles/235142/supp/235142-107996-1-SP.pdf
./36/articles/235142/submission/proof/235142-697-107987-1-10-20180321.pdf
./36/articles/235142/supp/235142-107992-1-SP.pdf
./36/articles/235142/supp/235142-107990-1-SP.pdf
./36/articles/235142/supp/235142-107991-1-SP.pdf
./36/articles/235142/public/235142-107986-1-PB.pdf
./36/articles/235142/public/235142-107987-1-PB.pdf
./36/articles/235168/submission/proof/235168-697-108113-1-10-20180321.pdf
./36/articles/235168/submission/proof/235168-697-108114-1-10-20180321.pdf
./36/articles/235168/supp/235168-108116-1-SP.pdf
./36/articles/235168/supp/235168-108117-1-SP.pdf
./36/articles/235168/public/235168-108113-1-PB.pdf
./36/articles/235168/public/235168-108114-1-PB.pdf
./36/articles/234472/supp/234472-103679-1-SP.pdf
./36/articles/234472/public/234472-103677-1-PB.pdf
./36/articles/234472/public/234472-103678-1-PB.pdf
./36/articles/235144/submission/proof/235144-697-107999-1-10-20180321.pdf
./36/articles/235144/submission/proof/235144-697-108000-1-10-20180321.pdf
./36/articles/235144/supp/235144-108003-1-SP.pdf
./36/articles/235144/public/235144-108000-1-PB.pdf
./36/articles/235144/public/235144-107999-1-PB.pdf
./36/articles/235179/submission/proof/235179-697-108157-1-10-20180321.pdf
./36/articles/235179/submission/proof/235179-697-108158-1-10-20180321.pdf
./36/articles/235179/supp/235179-108161-1-SP.pdf
./36/articles/235179/supp/235179-108160-1-SP.pdf
./36/articles/235179/public/235179-108157-1-PB.pdf
./36/articles/235179/public/235179-108158-1-PB.pdf
./36/articles/243745/submission/editor/243745-159627-13-ED.pdf
./36/articles/243745/submission/review/revision/243745-697-159627-13-15-20200401.pdf
./36/articles/254412/supp/254412-211366-1-SP.pdf
./36/articles/254412/attachment/254412-697-211366-1-13-20220807.pdf
./36/articles/235136/submission/proof/235136-697-107964-1-10-20180321.pdf
./36/articles/235136/submission/proof/235136-697-107963-1-10-20180321.pdf
./36/articles/235136/supp/235136-107966-1-SP.pdf
./36/articles/235136/supp/235136-107968-1-SP.pdf
./36/articles/235136/supp/235136-107967-1-SP.pdf
./36/articles/235136/supp/235136-107965-1-SP.pdf
./36/articles/235136/public/235136-107963-1-PB.pdf
./36/articles/235136/public/235136-107964-1-PB.pdf
./36/articles/235126/submission/proof/235126-697-107916-1-10-20180321.pdf
./36/articles/235126/submission/proof/235126-697-107917-1-10-20180321.pdf
./36/articles/235126/public/235126-107917-1-PB.pdf
./36/articles/235126/public/235126-107916-1-PB.pdf
./36/articles/235140/submission/proof/235140-697-107981-1-10-20180321.pdf
./36/articles/235140/submission/proof/235140-697-107982-1-10-20180321.pdf
./36/articles/235140/public/235140-107982-1-PB.pdf
./36/articles/235140/public/235140-107981-1-PB.pdf
./36/articles/235137/submission/proof/235137-697-107970-1-10-20180321.pdf
./36/articles/235137/submission/proof/235137-697-107969-1-10-20180321.pdf
./36/articles/235137/supp/235137-107971-1-SP.pdf
./36/articles/235137/public/235137-107970-1-PB.pdf
./36/articles/235137/public/235137-107969-1-PB.pdf
./36/articles/234474/supp/234474-103688-1-SP.pdf
./36/articles/234474/supp/234474-103687-1-SP.pdf
./36/articles/234474/public/234474-103686-1-PB.pdf
./36/articles/234474/public/234474-103685-1-PB.pdf
./36/articles/235154/submission/proof/235154-697-108051-1-10-20180321.pdf
./36/articles/235154/submission/proof/235154-697-108050-1-10-20180321.pdf
./36/articles/235154/public/235154-108050-1-PB.pdf
./36/articles/235154/supp/235154-108052-1-SP.pdf
./36/articles/235154/public/235154-108051-1-PB.pdf
./36/articles/234485/submission/proof/234485-708-103739-1-10-20180111.pdf
./36/articles/234485/supp/234485-103739-1-SP.pdf
./36/articles/234475/public/234475-103689-1-PB.pdf
./36/articles/234475/public/234475-103690-1-PB.pdf
./36/articles/235182/submission/proof/235182-697-108168-1-10-20180321.pdf
./36/articles/235182/submission/proof/235182-697-108169-1-10-20180321.pdf
./36/articles/235182/public/235182-108168-1-PB.pdf
./36/articles/235182/public/235182-108169-1-PB.pdf
./36/articles/235170/submission/proof/235170-697-108126-1-10-20180321.pdf
./36/articles/235170/submission/proof/235170-697-108125-1-10-20180321.pdf
./36/articles/235170/supp/235170-108130-1-SP.pdf
./36/articles/235170/supp/235170-108129-1-SP.pdf
./36/articles/235170/supp/235170-108127-1-SP.pdf
./36/articles/235170/supp/235170-108128-1-SP.pdf
./36/articles/235170/public/235170-108126-1-PB.pdf
./36/articles/235170/public/235170-108125-1-PB.pdf
./36/articles/235150/submission/proof/235150-697-108025-1-10-20180321.pdf
./36/articles/235150/submission/proof/235150-697-108026-1-10-20180321.pdf
./36/articles/235150/supp/235150-108031-1-SP.pdf
./36/articles/235150/public/235150-108026-1-PB.pdf
./36/articles/235150/public/235150-108025-1-PB.pdf
./36/articles/235129/supp/235129-107928-1-SP.pdf
./36/articles/235129/submission/proof/235129-697-107927-1-10-20180321.pdf
./36/articles/235129/public/235129-107927-1-PB.pdf
./36/articles/235173/submission/proof/235173-697-108140-1-10-20180321.pdf
./36/articles/235173/submission/proof/235173-697-108139-1-10-20180321.pdf
./36/articles/235173/supp/235173-108141-1-SP.pdf
./36/articles/235173/supp/235173-108142-1-SP.pdf
./36/articles/235173/public/235173-108139-1-PB.pdf
./36/articles/235173/public/235173-108140-1-PB.pdf
./36/articles/234500/submission/proof/234500-698-103799-1-10-20180111.pdf
./36/articles/234500/supp/234500-103799-1-SP.pdf
./36/articles/234464/supp/234464-103636-1-SP.pdf
./36/articles/234464/public/234464-103635-1-PB.pdf
./36/articles/235178/submission/proof/235178-697-108152-1-10-20180321.pdf
./36/articles/235178/submission/proof/235178-697-108153-1-10-20180321.pdf
./36/articles/235178/supp/235178-108156-1-SP.pdf
./36/articles/235178/public/235178-108152-1-PB.pdf
./36/articles/235178/public/235178-108153-1-PB.pdf
./36/articles/235133/submission/proof/235133-697-107944-1-10-20180321.pdf
./36/articles/235133/public/235133-107945-1-PB.pdf
./36/articles/235133/submission/proof/235133-697-107945-1-10-20180321.pdf
./36/articles/235133/supp/235133-107950-1-SP.pdf
./36/articles/235133/public/235133-107944-1-PB.pdf
./36/articles/234486/submission/proof/234486-708-103744-1-10-20180111.pdf
./36/articles/234486/submission/proof/234486-708-103743-1-10-20180111.pdf
./36/articles/234486/supp/234486-103744-1-SP.pdf
./36/articles/234486/supp/234486-103743-1-SP.pdf
./36/articles/234481/submission/proof/234481-708-103717-1-10-20180111.pdf
./36/articles/234481/supp/234481-103717-1-SP.pdf
./36/articles/235145/submission/proof/235145-697-108004-1-10-20180321.pdf
./36/articles/235145/supp/235145-108006-1-SP.pdf
./36/articles/235145/submission/proof/235145-697-108005-1-10-20180321.pdf
./36/articles/235145/supp/235145-108007-1-SP.pdf
./36/articles/235145/public/235145-108004-1-PB.pdf
./36/articles/235145/public/235145-108005-1-PB.pdf
./36/articles/235177/submission/proof/235177-697-108150-1-10-20180321.pdf
./36/articles/235177/submission/proof/235177-697-108151-1-10-20180321.pdf
./36/articles/235177/public/235177-108151-1-PB.pdf
./36/articles/235177/public/235177-108150-1-PB.pdf
./36/articles/244356/supp/244356-161603-1-SP.pdf
./36/articles/244356/attachment/244356-697-161603-1-13-20200227.pdf
./36/articles/235152/submission/proof/235152-697-108037-1-10-20180321.pdf
./36/articles/235152/supp/235152-108043-1-SP.pdf
./36/articles/235152/submission/proof/235152-697-108038-1-10-20180321.pdf
./36/articles/235152/supp/235152-108042-1-SP.pdf
./36/articles/235152/supp/235152-108039-1-SP.pdf
./36/articles/235152/supp/235152-108041-1-SP.pdf
./36/articles/235152/supp/235152-108040-1-SP.pdf
./36/articles/235152/public/235152-108038-1-PB.pdf
./36/articles/235152/public/235152-108037-1-PB.pdf
./36/articles/235135/submission/proof/235135-697-107957-1-10-20180321.pdf
./36/articles/235135/submission/proof/235135-697-107956-1-10-20180321.pdf
./36/articles/235135/supp/235135-107962-1-SP.pdf
./36/articles/235135/supp/235135-107958-1-SP.pdf
./36/articles/235135/supp/235135-107960-1-SP.pdf
./36/articles/235135/supp/235135-107959-1-SP.pdf
./36/articles/235135/public/235135-107956-1-PB.pdf
./36/articles/235135/public/235135-107957-1-PB.pdf
./36/articles/235135/supp/235135-107961-1-SP.pdf
./36/articles/235130/submission/proof/235130-697-107930-1-10-20180321.pdf
./36/articles/235130/submission/proof/235130-697-107929-1-10-20180321.pdf
./36/articles/235130/supp/235130-107931-1-SP.pdf
./36/articles/235130/public/235130-107929-1-PB.pdf
./36/articles/235130/public/235130-107930-1-PB.pdf
./36/articles/235155/submission/proof/235155-697-108055-1-10-20180321.pdf
./36/articles/235155/submission/proof/235155-697-108054-1-10-20180321.pdf
./36/articles/235155/supp/235155-108056-1-SP.pdf
./36/articles/235155/supp/235155-108057-1-SP.pdf
./36/articles/235155/public/235155-108054-1-PB.pdf
./36/articles/235155/public/235155-108055-1-PB.pdf
./36/articles/235171/submission/proof/235171-697-108132-1-10-20180321.pdf
./36/articles/235171/submission/proof/235171-697-108131-1-10-20180321.pdf
./36/articles/235171/supp/235171-108133-1-SP.pdf
./36/articles/235171/public/235171-108131-1-PB.pdf
./36/articles/235171/public/235171-108132-1-PB.pdf
./36/articles/235172/submission/proof/235172-697-108136-1-10-20180321.pdf
./36/articles/235172/submission/proof/235172-697-108135-1-10-20180321.pdf
./36/articles/235172/supp/235172-108137-1-SP.pdf
./36/articles/235172/supp/235172-108138-1-SP.pdf
./36/articles/235172/public/235172-108136-1-PB.pdf
./36/articles/235172/public/235172-108135-1-PB.pdf
./36/articles/235174/submission/proof/235174-697-108144-1-10-20180321.pdf
./36/articles/235174/submission/proof/235174-697-108143-1-10-20180321.pdf
./36/articles/235174/public/235174-108143-1-PB.pdf
./36/articles/235174/public/235174-108144-1-PB.pdf
./36/articles/234494/public/234494-103776-1-PB.pdf
./36/articles/234494/public/234494-103775-1-PB.pdf
./36/articles/235184/submission/proof/235184-697-108176-1-10-20180321.pdf
./36/articles/235184/submission/proof/235184-697-108175-1-10-20180321.pdf
./36/articles/235184/public/235184-108176-1-PB.pdf
./36/articles/235184/public/235184-108175-1-PB.pdf
./36/articles/235164/submission/proof/235164-697-108092-1-10-20180321.pdf
./36/articles/235164/submission/proof/235164-697-108091-1-10-20180321.pdf
./36/articles/235164/supp/235164-108093-1-SP.pdf
./36/articles/235164/public/235164-108092-1-PB.pdf
./36/articles/235164/public/235164-108091-1-PB.pdf
./36/articles/234498/submission/proof/234498-708-103792-1-10-20180111.pdf
./36/articles/234498/supp/234498-103792-1-SP.pdf
./36/articles/235146/submission/proof/235146-697-108008-1-10-20180321.pdf
./36/articles/235146/supp/235146-108009-1-SP.pdf
./36/articles/235146/public/235146-108008-1-PB.pdf
./36/articles/243549/supp/243549-156570-1-SP.pdf
./36/articles/243549/attachment/243549-697-156570-1-13-20191202.pdf
./36/articles/235167/submission/proof/235167-697-108106-1-10-20180321.pdf
./36/articles/235167/submission/proof/235167-697-108107-1-10-20180321.pdf
./36/articles/235167/supp/235167-108112-1-SP.pdf
./36/articles/235167/public/235167-108106-1-PB.pdf
./36/articles/235167/public/235167-108107-1-PB.pdf
./36/articles/234503/submission/proof/234503-698-103809-1-10-20180111.pdf
./36/articles/234503/submission/proof/234503-698-103807-1-10-20180111.pdf
./36/articles/234503/submission/proof/234503-698-103811-1-10-20180111.pdf
./36/articles/234503/submission/proof/234503-708-103808-1-10-20180111.pdf
./36/articles/234503/supp/234503-103807-1-SP.pdf
./36/articles/234503/submission/proof/234503-698-103806-1-10-20180111.pdf
./36/articles/234503/supp/234503-103809-1-SP.pdf
./36/articles/234503/supp/234503-103811-1-SP.pdf
./36/articles/234503/supp/234503-103808-1-SP.pdf
./36/articles/234503/supp/234503-103806-1-SP.pdf
./36/articles/234479/supp/234479-103711-1-SP.pdf
./36/articles/234479/submission/proof/234479-708-103711-1-10-20180111.pdf
./36/articles/235153/submission/proof/235153-697-108045-1-10-20180321.pdf
./36/articles/235153/submission/proof/235153-697-108044-1-10-20180321.pdf
./36/articles/235153/supp/235153-108047-1-SP.pdf
./36/articles/235153/supp/235153-108046-1-SP.pdf
./36/articles/235153/supp/235153-108048-1-SP.pdf
./36/articles/235153/supp/235153-108049-1-SP.pdf
./36/articles/235153/public/235153-108044-1-PB.pdf
./36/articles/235153/public/235153-108045-1-PB.pdf
./36/articles/23552/submission/23552-708-49979-1-2-20170825.pdf
./36/articles/23552/supp/23552-49979-1-SP.pdf
./36/articles/23552/attachment/23552-49977-1-AT.pdf
./36/articles/23552/attachment/23552-697-49977-1-13-20170825.pdf
./36/articles/234467/supp/234467-103648-1-SP.pdf
./36/articles/234467/public/234467-103647-1-PB.pdf
./36/articles/234467/public/234467-103646-1-PB.pdf
./36/articles/234461/public/234461-103625-1-PB.pdf
./36/articles/234461/public/234461-103624-1-PB.pdf
./36/articles/9777/submission/proof/9777-697-18290-1-10-20170207.pdf
./36/articles/9777/submission/proof/9777-697-18289-1-10-20170207.pdf
./36/articles/9777/public/9777-18290-1-PB.pdf
./36/articles/9777/public/9777-18289-1-PB.pdf
./36/articles/235165/submission/proof/235165-697-108094-1-10-20180321.pdf
./36/articles/235165/submission/proof/235165-697-108095-1-10-20180321.pdf
./36/articles/235165/supp/235165-108097-1-SP.pdf
./36/articles/235165/supp/235165-108099-1-SP.pdf
./36/articles/235165/supp/235165-108098-1-SP.pdf
./36/articles/235165/public/235165-108095-1-PB.pdf
./36/articles/235165/public/235165-108094-1-PB.pdf
./36/articles/235141/submission/proof/235141-697-107985-1-10-20180321.pdf
./36/articles/235141/submission/proof/235141-697-107984-1-10-20180321.pdf
./36/articles/235141/public/235141-107984-1-PB.pdf
./36/articles/235141/public/235141-107985-1-PB.pdf
./36/articles/234487/submission/proof/234487-708-103747-1-10-20180111.pdf
./36/articles/234487/submission/proof/234487-708-103749-1-10-20180111.pdf
./36/articles/234487/submission/proof/234487-708-103751-1-10-20180111.pdf
./36/articles/234487/submission/proof/234487-708-103750-1-10-20180111.pdf
./36/articles/234487/submission/proof/234487-708-103748-1-10-20180111.pdf
./36/articles/234487/supp/234487-103747-1-SP.pdf
./36/articles/234487/supp/234487-103748-1-SP.pdf
./36/articles/234487/supp/234487-103751-1-SP.pdf
./36/articles/234487/supp/234487-103750-1-SP.pdf
./36/articles/234487/supp/234487-103749-1-SP.pdf
./36/articles/235128/submission/proof/235128-697-107923-1-10-20180321.pdf
./36/articles/235128/submission/proof/235128-697-107924-1-10-20180321.pdf
./36/articles/235128/public/235128-107924-1-PB.pdf
./36/articles/235128/supp/235128-107926-1-SP.pdf
./36/articles/235128/supp/235128-107925-1-SP.pdf
./36/articles/235128/public/235128-107923-1-PB.pdf
./36/articles/235139/submission/proof/235139-697-107977-1-10-20180321.pdf
./36/articles/235139/submission/proof/235139-697-107978-1-10-20180321.pdf
./36/articles/235139/supp/235139-107980-1-SP.pdf
./36/articles/235139/supp/235139-107979-1-SP.pdf
./36/articles/235139/public/235139-107978-1-PB.pdf
./36/articles/235139/public/235139-107977-1-PB.pdf
./36/articles/234463/supp/234463-103633-1-SP.pdf
./36/articles/234463/supp/234463-103634-1-SP.pdf
./36/articles/234463/public/234463-103632-1-PB.pdf
./36/articles/234463/public/234463-103631-1-PB.pdf
./36/articles/235157/submission/proof/235157-697-108062-1-10-20180321.pdf
./36/articles/235157/submission/proof/235157-697-108063-1-10-20180321.pdf
./36/articles/235157/public/235157-108062-1-PB.pdf
./36/articles/235157/public/235157-108063-1-PB.pdf
./36/articles/235162/supp/235162-108088-1-SP.pdf
./36/articles/235162/submission/proof/235162-697-108085-1-10-20180321.pdf
./36/articles/235162/submission/proof/235162-697-108086-1-10-20180321.pdf
./36/articles/235162/supp/235162-108087-1-SP.pdf
./36/articles/235162/public/235162-108085-1-PB.pdf
./36/articles/235162/public/235162-108086-1-PB.pdf
./36/articles/235186/submission/proof/235186-697-108179-1-10-20180321.pdf
./36/articles/235186/supp/235186-108182-1-SP.pdf
./36/articles/235186/supp/235186-108186-1-SP.pdf
./36/articles/235186/submission/proof/235186-697-108180-1-10-20180321.pdf
./36/articles/235186/supp/235186-108184-1-SP.pdf
./36/articles/235186/supp/235186-108183-1-SP.pdf
./36/articles/235186/public/235186-108179-1-PB.pdf
./36/articles/235186/supp/235186-108181-1-SP.pdf
./36/articles/235186/public/235186-108180-1-PB.pdf
./36/articles/234469/supp/234469-103662-1-SP.pdf
./36/articles/234469/supp/234469-103663-1-SP.pdf
./36/articles/234469/public/234469-103659-1-PB.pdf
./36/articles/234469/public/234469-103660-1-PB.pdf
./36/articles/235163/submission/proof/235163-697-108089-1-10-20180321.pdf
./36/articles/235163/supp/235163-108090-1-SP.pdf
./36/articles/235163/public/235163-108089-1-PB.pdf
./36/articles/235166/submission/proof/235166-697-108101-1-10-20180321.pdf
./36/articles/235166/submission/proof/235166-697-108100-1-10-20180321.pdf
./36/articles/235166/public/235166-108100-1-PB.pdf
./36/articles/235166/public/235166-108101-1-PB.pdf
./36/articles/235166/supp/235166-108102-1-SP.pdf
./36/articles/235132/submission/proof/235132-697-107939-1-10-20180321.pdf
./36/articles/235132/submission/proof/235132-697-107938-1-10-20180321.pdf
./36/articles/235132/supp/235132-107940-1-SP.pdf
./36/articles/235132/public/235132-107939-1-PB.pdf
./36/articles/235132/public/235132-107938-1-PB.pdf
./36/articles/234462/supp/234462-103630-1-SP.pdf
./36/articles/234462/public/234462-103627-1-PB.pdf
./36/articles/234462/public/234462-103626-1-PB.pdf
./36/articles/234490/submission/proof/234490-708-103764-1-10-20180111.pdf
./36/articles/234490/submission/proof/234490-708-103765-1-10-20180111.pdf
./36/articles/234490/supp/234490-103765-1-SP.pdf
./36/articles/234490/supp/234490-103764-1-SP.pdf
./36/articles/240074/supp/240074-136172-1-SP.pdf
./36/articles/240074/attachment/240074-697-136172-1-13-20190310.pdf
./36/articles/235149/submission/proof/235149-697-108019-1-10-20180321.pdf
./36/articles/235149/supp/235149-108021-1-SP.pdf
./36/articles/235149/submission/proof/235149-697-108020-1-10-20180321.pdf
./36/articles/235149/public/235149-108019-1-PB.pdf
./36/articles/235149/public/235149-108020-1-PB.pdf
./36/articles/235160/submission/proof/235160-697-108079-1-10-20180321.pdf
./36/articles/235160/submission/proof/235160-697-108078-1-10-20180321.pdf
./36/articles/235160/public/235160-108079-1-PB.pdf
./36/articles/235160/public/235160-108078-1-PB.pdf
./36/articles/235169/submission/proof/235169-697-108118-1-10-20180321.pdf
./36/articles/235169/submission/proof/235169-697-108119-1-10-20180321.pdf
./36/articles/235169/supp/235169-108121-1-SP.pdf
./36/articles/235169/supp/235169-108124-1-SP.pdf
./36/articles/235169/supp/235169-108120-1-SP.pdf
./36/articles/235169/supp/235169-108123-1-SP.pdf
./36/articles/235169/supp/235169-108122-1-SP.pdf
./36/articles/235169/public/235169-108118-1-PB.pdf
./36/articles/235169/public/235169-108119-1-PB.pdf
./36/articles/235159/submission/proof/235159-697-108067-1-10-20180321.pdf
./36/articles/235159/submission/proof/235159-697-108068-1-10-20180321.pdf
./36/articles/235159/supp/235159-108071-1-SP.pdf
./36/articles/235159/supp/235159-108072-1-SP.pdf
./36/articles/235159/supp/235159-108073-1-SP.pdf
./36/articles/235159/supp/235159-108077-1-SP.pdf
./36/articles/235159/public/235159-108067-1-PB.pdf
./36/articles/235159/public/235159-108068-1-PB.pdf
./36/articles/234483/submission/proof/234483-698-103725-1-10-20180111.pdf
./36/articles/234483/submission/proof/234483-698-103724-1-10-20180111.pdf
./36/articles/234483/submission/proof/234483-708-103726-1-10-20180111.pdf
./36/articles/234483/supp/234483-103725-1-SP.pdf
./36/articles/234483/supp/234483-103724-1-SP.pdf
./36/articles/234483/supp/234483-103726-1-SP.pdf
./36/articles/234488/submission/proof/234488-708-103755-1-10-20180111.pdf
./36/articles/234488/submission/proof/234488-708-103754-1-10-20180111.pdf
./36/articles/234488/submission/proof/234488-708-103757-1-10-20180111.pdf
./36/articles/234488/supp/234488-103757-1-SP.pdf
./36/articles/234488/supp/234488-103754-1-SP.pdf
./36/articles/234488/submission/proof/234488-708-103756-1-10-20180111.pdf
./36/articles/234488/supp/234488-103755-1-SP.pdf
./36/articles/234488/supp/234488-103756-1-SP.pdf
./36/articles/235134/public/235134-107952-1-PB.pdf
./36/articles/235134/submission/proof/235134-697-107952-1-10-20180321.pdf
./36/articles/235134/supp/235134-107955-1-SP.pdf
./36/articles/235134/public/235134-107951-1-PB.pdf
./36/articles/235134/submission/proof/235134-697-107951-1-10-20180321.pdf
./36/articles/235134/supp/235134-107954-1-SP.pdf
./36/articles/234495/submission/proof/234495-708-103781-1-10-20180111.pdf
./36/articles/234495/supp/234495-103781-1-SP.pdf
./36/articles/235148/submission/proof/235148-697-108014-1-10-20180321.pdf
./36/articles/235148/submission/proof/235148-697-108013-1-10-20180321.pdf
./36/articles/235148/supp/235148-108018-1-SP.pdf
./36/articles/235148/supp/235148-108016-1-SP.pdf
./36/articles/235148/public/235148-108014-1-PB.pdf
./36/articles/235148/supp/235148-108017-1-SP.pdf
./36/articles/235148/public/235148-108013-1-PB.pdf
./36/articles/234482/submission/proof/234482-708-103720-1-10-20180111.pdf
./36/articles/234482/supp/234482-103720-1-SP.pdf
./36/articles/234468/supp/234468-103658-1-SP.pdf
./36/articles/234468/public/234468-103653-1-PB.pdf
./36/articles/234468/public/234468-103652-1-PB.pdf
./36/articles/235138/supp/235138-107976-1-SP.pdf
./36/articles/235138/submission/proof/235138-697-107973-1-10-20180321.pdf
./36/articles/235138/supp/235138-107975-1-SP.pdf
./36/articles/235138/submission/proof/235138-697-107974-1-10-20180321.pdf
./36/articles/235138/public/235138-107973-1-PB.pdf
./36/articles/235138/public/235138-107974-1-PB.pdf
./36/articles/11105/submission/proof/11105-708-24633-1-10-20170209.pdf
./36/articles/11105/supp/11105-24633-1-SP.pdf
./19/articles/2294/submission/proof/2294-13-6125-1-10-20160713.pdf
./19/articles/2294/submission/copyedit/2294-13-6126-1-9-20160713.pdf
./19/articles/2533/submission/copyedit/2533-13-6545-1-9-20160808.pdf
./19/articles/2533/submission/proof/2533-13-6544-1-10-20160808.pdf
./19/articles/234751/submission/copyedit/234751-13-105488-1-9-20180207.pdf
./19/articles/234751/submission/proof/234751-13-105487-1-10-20180207.pdf
./19/articles/2290/submission/copyedit/2290-13-6117-1-9-20160712.pdf
./19/articles/2290/submission/proof/2290-13-6116-1-10-20160712.pdf
./19/articles/2344/submission/copyedit/2344-13-6228-1-9-20160719.pdf
./19/articles/242648/submission/copyedit/242648-13-150657-1-9-20190910.pdf
./19/articles/242648/submission/proof/242648-13-150656-1-10-20190910.pdf
